<?xml version="1.0" encoding="UTF-8"?>
<!-- Generated by org.testng.reporters.JUnitReportReporter -->
<testsuite skipped="6" hostname="jatinkapoor01" name="tests.RegistrationTest" tests="7" failures="0" timestamp="04 Jul 2021 13:07:47 GMT" time="2.706" errors="1">
  <testcase name="blankRequiredField" time="0.000" classname="tests.RegistrationTest">
    <skipped/>
  </testcase> <!-- blankRequiredField -->
  <testcase name="invalidEmail" time="0.000" classname="tests.RegistrationTest">
    <skipped/>
  </testcase> <!-- invalidEmail -->
  <testcase name="alreadyRegistered" time="0.000" classname="tests.RegistrationTest">
    <skipped/>
  </testcase> <!-- alreadyRegistered -->
  <testcase name="validDetails" time="0.000" classname="tests.RegistrationTest">
    <skipped/>
  </testcase> <!-- validDetails -->
  <testcase name="invalidPin" time="0.000" classname="tests.RegistrationTest">
    <skipped/>
  </testcase> <!-- invalidPin -->
  <testcase name="intializeWebdriver" time="2.706" classname="tests.RegistrationTest">
    <error type="org.openqa.selenium.SessionNotCreatedException" message="session not created: This version of ChromeDriver only supports Chrome version 89
Current browser version is 91.0.4472.124 with binary path C:\Program Files\Google\Chrome\Application\chrome.exe
Build info: version: &#039;3.141.59&#039;, revision: &#039;e82be7d358&#039;, time: &#039;2018-11-14T08:17:03&#039;
System info: host: &#039;JATINKAPOOR01&#039;, ip: &#039;192.168.16.1&#039;, os.name: &#039;Windows 10&#039;, os.arch: &#039;amd64&#039;, os.version: &#039;10.0&#039;, java.version: &#039;1.8.0_221&#039;
Driver info: driver.version: ChromeDriver
remote stacktrace: Backtrace:
	Ordinal0 [0x00C7E7D3+124883]
	Ordinal0 [0x00C7E7B1+124849]
	GetHandleVerifier [0x00EC8688+193832]
	GetHandleVerifier [0x00EE3AC5+305509]
	GetHandleVerifier [0x00EE021B+291003]
	GetHandleVerifier [0x00EDE0AC+282444]
	GetHandleVerifier [0x00F04A90+440624]
	GetHandleVerifier [0x00F047FC+439964]
	GetHandleVerifier [0x00F0154B+426987]
	GetHandleVerifier [0x00EE4FFD+310941]
	GetHandleVerifier [0x00EE5D8E+314414]
	GetHandleVerifier [0x00EE5D19+314297]
	GetHandleVerifier [0x00FA31EC+1089676]
	GetHandleVerifier [0x00FA17C9+1082985]
	GetHandleVerifier [0x00FA13A3+1081923]
	GetHandleVerifier [0x0109D9FD+2115741]
	Ordinal0 [0x00DCB82E+1488942]
	Ordinal0 [0x00D65A7D+1071741]
	Ordinal0 [0x00D6559B+1070491]
	Ordinal0 [0x00D654B1+1070257]
	Ordinal0 [0x00D9FF53+1310547]
	BaseThreadInitThunk [0x7560FA29+25]
	RtlGetAppContainerNamedObjectPath [0x777076B4+228]
	RtlGetAppContainerNamedObjectPath [0x77707684+180]
">
      <![CDATA[org.openqa.selenium.SessionNotCreatedException: session not created: This version of ChromeDriver only supports Chrome version 89
Current browser version is 91.0.4472.124 with binary path C:\Program Files\Google\Chrome\Application\chrome.exe
Build info: version: '3.141.59', revision: 'e82be7d358', time: '2018-11-14T08:17:03'
System info: host: 'JATINKAPOOR01', ip: '192.168.16.1', os.name: 'Windows 10', os.arch: 'amd64', os.version: '10.0', java.version: '1.8.0_221'
Driver info: driver.version: ChromeDriver
remote stacktrace: Backtrace:
Ordinal0 [0x00C7E7D3+124883]
Ordinal0 [0x00C7E7B1+124849]
GetHandleVerifier [0x00EC8688+193832]
GetHandleVerifier [0x00EE3AC5+305509]
GetHandleVerifier [0x00EE021B+291003]
GetHandleVerifier [0x00EDE0AC+282444]
GetHandleVerifier [0x00F04A90+440624]
GetHandleVerifier [0x00F047FC+439964]
GetHandleVerifier [0x00F0154B+426987]
GetHandleVerifier [0x00EE4FFD+310941]
GetHandleVerifier [0x00EE5D8E+314414]
GetHandleVerifier [0x00EE5D19+314297]
GetHandleVerifier [0x00FA31EC+1089676]
GetHandleVerifier [0x00FA17C9+1082985]
GetHandleVerifier [0x00FA13A3+1081923]
GetHandleVerifier [0x0109D9FD+2115741]
Ordinal0 [0x00DCB82E+1488942]
Ordinal0 [0x00D65A7D+1071741]
Ordinal0 [0x00D6559B+1070491]
Ordinal0 [0x00D654B1+1070257]
Ordinal0 [0x00D9FF53+1310547]
BaseThreadInitThunk [0x7560FA29+25]
RtlGetAppContainerNamedObjectPath [0x777076B4+228]
RtlGetAppContainerNamedObjectPath [0x77707684+180]

at sun.reflect.NativeConstructorAccessorImpl.newInstance0(Native Method)
at sun.reflect.NativeConstructorAccessorImpl.newInstance(NativeConstructorAccessorImpl.java:62)
at sun.reflect.DelegatingConstructorAccessorImpl.newInstance(DelegatingConstructorAccessorImpl.java:45)
at java.lang.reflect.Constructor.newInstance(Constructor.java:423)
at org.openqa.selenium.remote.W3CHandshakeResponse.lambda$errorHandler$0(W3CHandshakeResponse.java:62)
at org.openqa.selenium.remote.HandshakeResponse.lambda$getResponseFunction$0(HandshakeResponse.java:30)
at org.openqa.selenium.remote.ProtocolHandshake.lambda$createSession$0(ProtocolHandshake.java:126)
at java.util.stream.ReferencePipeline$3$1.accept(ReferencePipeline.java:193)
at java.util.Spliterators$ArraySpliterator.tryAdvance(Spliterators.java:958)
at java.util.stream.ReferencePipeline.forEachWithCancel(ReferencePipeline.java:126)
at java.util.stream.AbstractPipeline.copyIntoWithCancel(AbstractPipeline.java:499)
at java.util.stream.AbstractPipeline.copyInto(AbstractPipeline.java:486)
at java.util.stream.AbstractPipeline.wrapAndCopyInto(AbstractPipeline.java:472)
at java.util.stream.FindOps$FindOp.evaluateSequential(FindOps.java:152)
at java.util.stream.AbstractPipeline.evaluate(AbstractPipeline.java:234)
at java.util.stream.ReferencePipeline.findFirst(ReferencePipeline.java:464)
at org.openqa.selenium.remote.ProtocolHandshake.createSession(ProtocolHandshake.java:128)
at org.openqa.selenium.remote.ProtocolHandshake.createSession(ProtocolHandshake.java:74)
at org.openqa.selenium.remote.HttpCommandExecutor.execute(HttpCommandExecutor.java:136)
at org.openqa.selenium.remote.service.DriverCommandExecutor.execute(DriverCommandExecutor.java:83)
at org.openqa.selenium.remote.RemoteWebDriver.execute(RemoteWebDriver.java:552)
at org.openqa.selenium.remote.RemoteWebDriver.startSession(RemoteWebDriver.java:213)
at org.openqa.selenium.remote.RemoteWebDriver.<init>(RemoteWebDriver.java:131)
at org.openqa.selenium.chrome.ChromeDriver.<init>(ChromeDriver.java:181)
at org.openqa.selenium.chrome.ChromeDriver.<init>(ChromeDriver.java:168)
at org.openqa.selenium.chrome.ChromeDriver.<init>(ChromeDriver.java:123)
at tests.BaseTest.intializeWebdriver(BaseTest.java:82)
at sun.reflect.NativeMethodAccessorImpl.invoke0(Native Method)
at sun.reflect.NativeMethodAccessorImpl.invoke(NativeMethodAccessorImpl.java:62)
at sun.reflect.DelegatingMethodAccessorImpl.invoke(DelegatingMethodAccessorImpl.java:43)
at java.lang.reflect.Method.invoke(Method.java:498)
at org.testng.internal.MethodInvocationHelper.invokeMethod(MethodInvocationHelper.java:124)
at org.testng.internal.MethodInvocationHelper.invokeMethodConsideringTimeout(MethodInvocationHelper.java:59)
at org.testng.internal.Invoker.invokeConfigurationMethod(Invoker.java:458)
at org.testng.internal.Invoker.invokeConfigurations(Invoker.java:222)
at org.testng.internal.Invoker.invokeMethod(Invoker.java:523)
at org.testng.internal.Invoker.invokeTestMethod(Invoker.java:719)
at org.testng.internal.Invoker.invokeTestMethods(Invoker.java:989)
at org.testng.internal.TestMethodWorker.invokeTestMethods(TestMethodWorker.java:125)
at org.testng.internal.TestMethodWorker.run(TestMethodWorker.java:109)
at org.testng.TestRunner.privateRun(TestRunner.java:648)
at org.testng.TestRunner.run(TestRunner.java:505)
at org.testng.SuiteRunner.runTest(SuiteRunner.java:455)
at org.testng.SuiteRunner.runSequentially(SuiteRunner.java:450)
at org.testng.SuiteRunner.privateRun(SuiteRunner.java:415)
at org.testng.SuiteRunner.run(SuiteRunner.java:364)
at org.testng.SuiteRunnerWorker.runSuite(SuiteRunnerWorker.java:52)
at org.testng.SuiteRunnerWorker.run(SuiteRunnerWorker.java:84)
at org.testng.TestNG.runSuitesSequentially(TestNG.java:1208)
at org.testng.TestNG.runSuitesLocally(TestNG.java:1137)
at org.testng.TestNG.runSuites(TestNG.java:1049)
at org.testng.TestNG.run(TestNG.java:1017)
at org.testng.remote.AbstractRemoteTestNG.run(AbstractRemoteTestNG.java:115)
at org.testng.remote.RemoteTestNG.initAndRun(RemoteTestNG.java:251)
at org.testng.remote.RemoteTestNG.main(RemoteTestNG.java:77)
]]>
    </error>
  </testcase> <!-- intializeWebdriver -->
  <testcase name="blankEmail" time="0.000" classname="tests.RegistrationTest">
    <skipped/>
  </testcase> <!-- blankEmail -->
</testsuite> <!-- tests.RegistrationTest -->
