<?xml version="1.0" encoding="UTF-8"?>
<testng-results skipped="4" failed="0" ignored="0" total="4" passed="0">
  <reporter-output>
  </reporter-output>
  <suite name="Default suite" duration-ms="3483" started-at="2021-07-04T13:08:30Z" finished-at="2021-07-04T13:08:33Z">
    <groups>
      <group name="valid">
        <method signature="LoginTest.validLogin(java.lang.String, java.lang.String)[pri:0, instance:tests.LoginTest@657c8ad9]" name="validLogin" class="tests.LoginTest"/>
      </group> <!-- valid -->
      <group name="invalid">
        <method signature="LoginTest.blankDetails(java.lang.String, java.lang.String)[pri:0, instance:tests.LoginTest@657c8ad9]" name="blankDetails" class="tests.LoginTest"/>
        <method signature="LoginTest.invalidPassword(java.lang.String, java.lang.String)[pri:0, instance:tests.LoginTest@657c8ad9]" name="invalidPassword" class="tests.LoginTest"/>
        <method signature="LoginTest.invalidUsername(java.lang.String, java.lang.String)[pri:0, instance:tests.LoginTest@657c8ad9]" name="invalidUsername" class="tests.LoginTest"/>
      </group> <!-- invalid -->
      <group name="login">
        <method signature="LoginTest.blankDetails(java.lang.String, java.lang.String)[pri:0, instance:tests.LoginTest@657c8ad9]" name="blankDetails" class="tests.LoginTest"/>
        <method signature="LoginTest.invalidPassword(java.lang.String, java.lang.String)[pri:0, instance:tests.LoginTest@657c8ad9]" name="invalidPassword" class="tests.LoginTest"/>
        <method signature="LoginTest.invalidUsername(java.lang.String, java.lang.String)[pri:0, instance:tests.LoginTest@657c8ad9]" name="invalidUsername" class="tests.LoginTest"/>
        <method signature="LoginTest.validLogin(java.lang.String, java.lang.String)[pri:0, instance:tests.LoginTest@657c8ad9]" name="validLogin" class="tests.LoginTest"/>
      </group> <!-- login -->
    </groups>
    <test name="Default test" duration-ms="3483" started-at="2021-07-04T13:08:30Z" finished-at="2021-07-04T13:08:33Z">
      <class name="tests.LoginTest">
        <test-method status="PASS" signature="setExtent()[pri:0, instance:tests.LoginTest@657c8ad9]" name="setExtent" is-config="true" duration-ms="258" started-at="2021-07-04T13:08:30Z" finished-at="2021-07-04T13:08:30Z">
          <reporter-output>
          </reporter-output>
        </test-method> <!-- setExtent -->
        <test-method status="FAIL" signature="intializeWebdriver()[pri:0, instance:tests.LoginTest@657c8ad9]" name="intializeWebdriver" is-config="true" duration-ms="2345" started-at="2021-07-04T13:08:31Z" finished-at="2021-07-04T13:08:33Z">
          <exception class="org.openqa.selenium.SessionNotCreatedException">
            <message>
              <![CDATA[session not created: This version of ChromeDriver only supports Chrome version 89
Current browser version is 91.0.4472.124 with binary path C:\Program Files\Google\Chrome\Application\chrome.exe
Build info: version: '3.141.59', revision: 'e82be7d358', time: '2018-11-14T08:17:03'
System info: host: 'JATINKAPOOR01', ip: '192.168.16.1', os.name: 'Windows 10', os.arch: 'amd64', os.version: '10.0', java.version: '1.8.0_221'
Driver info: driver.version: ChromeDriver
remote stacktrace: Backtrace:
Ordinal0 [0x00C7E7D3+124883]
Ordinal0 [0x00C7E7B1+124849]
GetHandleVerifier [0x00EC8688+193832]
GetHandleVerifier [0x00EE3AC5+305509]
GetHandleVerifier [0x00EE021B+291003]
GetHandleVerifier [0x00EDE0AC+282444]
GetHandleVerifier [0x00F04A90+440624]
GetHandleVerifier [0x00F047FC+439964]
GetHandleVerifier [0x00F0154B+426987]
GetHandleVerifier [0x00EE4FFD+310941]
GetHandleVerifier [0x00EE5D8E+314414]
GetHandleVerifier [0x00EE5D19+314297]
GetHandleVerifier [0x00FA31EC+1089676]
GetHandleVerifier [0x00FA17C9+1082985]
GetHandleVerifier [0x00FA13A3+1081923]
GetHandleVerifier [0x0109D9FD+2115741]
Ordinal0 [0x00DCB82E+1488942]
Ordinal0 [0x00D65A7D+1071741]
Ordinal0 [0x00D6559B+1070491]
Ordinal0 [0x00D654B1+1070257]
Ordinal0 [0x00D9FF53+1310547]
BaseThreadInitThunk [0x7560FA29+25]
RtlGetAppContainerNamedObjectPath [0x777076B4+228]
RtlGetAppContainerNamedObjectPath [0x77707684+180]
]]>
            </message>
            <full-stacktrace>
              <![CDATA[org.openqa.selenium.SessionNotCreatedException: session not created: This version of ChromeDriver only supports Chrome version 89
Current browser version is 91.0.4472.124 with binary path C:\Program Files\Google\Chrome\Application\chrome.exe
Build info: version: '3.141.59', revision: 'e82be7d358', time: '2018-11-14T08:17:03'
System info: host: 'JATINKAPOOR01', ip: '192.168.16.1', os.name: 'Windows 10', os.arch: 'amd64', os.version: '10.0', java.version: '1.8.0_221'
Driver info: driver.version: ChromeDriver
remote stacktrace: Backtrace:
Ordinal0 [0x00C7E7D3+124883]
Ordinal0 [0x00C7E7B1+124849]
GetHandleVerifier [0x00EC8688+193832]
GetHandleVerifier [0x00EE3AC5+305509]
GetHandleVerifier [0x00EE021B+291003]
GetHandleVerifier [0x00EDE0AC+282444]
GetHandleVerifier [0x00F04A90+440624]
GetHandleVerifier [0x00F047FC+439964]
GetHandleVerifier [0x00F0154B+426987]
GetHandleVerifier [0x00EE4FFD+310941]
GetHandleVerifier [0x00EE5D8E+314414]
GetHandleVerifier [0x00EE5D19+314297]
GetHandleVerifier [0x00FA31EC+1089676]
GetHandleVerifier [0x00FA17C9+1082985]
GetHandleVerifier [0x00FA13A3+1081923]
GetHandleVerifier [0x0109D9FD+2115741]
Ordinal0 [0x00DCB82E+1488942]
Ordinal0 [0x00D65A7D+1071741]
Ordinal0 [0x00D6559B+1070491]
Ordinal0 [0x00D654B1+1070257]
Ordinal0 [0x00D9FF53+1310547]
BaseThreadInitThunk [0x7560FA29+25]
RtlGetAppContainerNamedObjectPath [0x777076B4+228]
RtlGetAppContainerNamedObjectPath [0x77707684+180]

at sun.reflect.NativeConstructorAccessorImpl.newInstance0(Native Method)
at sun.reflect.NativeConstructorAccessorImpl.newInstance(NativeConstructorAccessorImpl.java:62)
at sun.reflect.DelegatingConstructorAccessorImpl.newInstance(DelegatingConstructorAccessorImpl.java:45)
at java.lang.reflect.Constructor.newInstance(Constructor.java:423)
at org.openqa.selenium.remote.W3CHandshakeResponse.lambda$errorHandler$0(W3CHandshakeResponse.java:62)
at org.openqa.selenium.remote.HandshakeResponse.lambda$getResponseFunction$0(HandshakeResponse.java:30)
at org.openqa.selenium.remote.ProtocolHandshake.lambda$createSession$0(ProtocolHandshake.java:126)
at java.util.stream.ReferencePipeline$3$1.accept(ReferencePipeline.java:193)
at java.util.Spliterators$ArraySpliterator.tryAdvance(Spliterators.java:958)
at java.util.stream.ReferencePipeline.forEachWithCancel(ReferencePipeline.java:126)
at java.util.stream.AbstractPipeline.copyIntoWithCancel(AbstractPipeline.java:499)
at java.util.stream.AbstractPipeline.copyInto(AbstractPipeline.java:486)
at java.util.stream.AbstractPipeline.wrapAndCopyInto(AbstractPipeline.java:472)
at java.util.stream.FindOps$FindOp.evaluateSequential(FindOps.java:152)
at java.util.stream.AbstractPipeline.evaluate(AbstractPipeline.java:234)
at java.util.stream.ReferencePipeline.findFirst(ReferencePipeline.java:464)
at org.openqa.selenium.remote.ProtocolHandshake.createSession(ProtocolHandshake.java:128)
at org.openqa.selenium.remote.ProtocolHandshake.createSession(ProtocolHandshake.java:74)
at org.openqa.selenium.remote.HttpCommandExecutor.execute(HttpCommandExecutor.java:136)
at org.openqa.selenium.remote.service.DriverCommandExecutor.execute(DriverCommandExecutor.java:83)
at org.openqa.selenium.remote.RemoteWebDriver.execute(RemoteWebDriver.java:552)
at org.openqa.selenium.remote.RemoteWebDriver.startSession(RemoteWebDriver.java:213)
at org.openqa.selenium.remote.RemoteWebDriver.<init>(RemoteWebDriver.java:131)
at org.openqa.selenium.chrome.ChromeDriver.<init>(ChromeDriver.java:181)
at org.openqa.selenium.chrome.ChromeDriver.<init>(ChromeDriver.java:168)
at org.openqa.selenium.chrome.ChromeDriver.<init>(ChromeDriver.java:123)
at tests.BaseTest.intializeWebdriver(BaseTest.java:82)
at sun.reflect.NativeMethodAccessorImpl.invoke0(Native Method)
at sun.reflect.NativeMethodAccessorImpl.invoke(NativeMethodAccessorImpl.java:62)
at sun.reflect.DelegatingMethodAccessorImpl.invoke(DelegatingMethodAccessorImpl.java:43)
at java.lang.reflect.Method.invoke(Method.java:498)
at org.testng.internal.MethodInvocationHelper.invokeMethod(MethodInvocationHelper.java:124)
at org.testng.internal.MethodInvocationHelper.invokeMethodConsideringTimeout(MethodInvocationHelper.java:59)
at org.testng.internal.Invoker.invokeConfigurationMethod(Invoker.java:458)
at org.testng.internal.Invoker.invokeConfigurations(Invoker.java:222)
at org.testng.internal.Invoker.invokeMethod(Invoker.java:523)
at org.testng.internal.Invoker.invokeTestMethod(Invoker.java:719)
at org.testng.internal.Invoker.invokeTestMethods(Invoker.java:989)
at org.testng.internal.TestMethodWorker.invokeTestMethods(TestMethodWorker.java:125)
at org.testng.internal.TestMethodWorker.run(TestMethodWorker.java:109)
at org.testng.TestRunner.privateRun(TestRunner.java:648)
at org.testng.TestRunner.run(TestRunner.java:505)
at org.testng.SuiteRunner.runTest(SuiteRunner.java:455)
at org.testng.SuiteRunner.runSequentially(SuiteRunner.java:450)
at org.testng.SuiteRunner.privateRun(SuiteRunner.java:415)
at org.testng.SuiteRunner.run(SuiteRunner.java:364)
at org.testng.SuiteRunnerWorker.runSuite(SuiteRunnerWorker.java:52)
at org.testng.SuiteRunnerWorker.run(SuiteRunnerWorker.java:84)
at org.testng.TestNG.runSuitesSequentially(TestNG.java:1208)
at org.testng.TestNG.runSuitesLocally(TestNG.java:1137)
at org.testng.TestNG.runSuites(TestNG.java:1049)
at org.testng.TestNG.run(TestNG.java:1017)
at org.testng.remote.AbstractRemoteTestNG.run(AbstractRemoteTestNG.java:115)
at org.testng.remote.RemoteTestNG.initAndRun(RemoteTestNG.java:251)
at org.testng.remote.RemoteTestNG.main(RemoteTestNG.java:77)
]]>
            </full-stacktrace>
          </exception> <!-- org.openqa.selenium.SessionNotCreatedException -->
          <reporter-output>
          </reporter-output>
        </test-method> <!-- intializeWebdriver -->
        <test-method status="SKIP" signature="openBrowser()[pri:0, instance:tests.LoginTest@657c8ad9]" name="openBrowser" is-config="true" duration-ms="0" started-at="2021-07-04T13:08:33Z" finished-at="2021-07-04T13:08:33Z">
          <reporter-output>
          </reporter-output>
        </test-method> <!-- openBrowser -->
        <test-method status="SKIP" signature="blankDetails(java.lang.String, java.lang.String)[pri:0, instance:tests.LoginTest@657c8ad9]" name="blankDetails" duration-ms="0" started-at="2021-07-04T13:08:33Z" data-provider="getBlankDetailsTestData" finished-at="2021-07-04T13:08:33Z">
          <exception class="org.openqa.selenium.SessionNotCreatedException">
            <message>
              <![CDATA[session not created: This version of ChromeDriver only supports Chrome version 89
Current browser version is 91.0.4472.124 with binary path C:\Program Files\Google\Chrome\Application\chrome.exe
Build info: version: '3.141.59', revision: 'e82be7d358', time: '2018-11-14T08:17:03'
System info: host: 'JATINKAPOOR01', ip: '192.168.16.1', os.name: 'Windows 10', os.arch: 'amd64', os.version: '10.0', java.version: '1.8.0_221'
Driver info: driver.version: ChromeDriver
remote stacktrace: Backtrace:
Ordinal0 [0x00C7E7D3+124883]
Ordinal0 [0x00C7E7B1+124849]
GetHandleVerifier [0x00EC8688+193832]
GetHandleVerifier [0x00EE3AC5+305509]
GetHandleVerifier [0x00EE021B+291003]
GetHandleVerifier [0x00EDE0AC+282444]
GetHandleVerifier [0x00F04A90+440624]
GetHandleVerifier [0x00F047FC+439964]
GetHandleVerifier [0x00F0154B+426987]
GetHandleVerifier [0x00EE4FFD+310941]
GetHandleVerifier [0x00EE5D8E+314414]
GetHandleVerifier [0x00EE5D19+314297]
GetHandleVerifier [0x00FA31EC+1089676]
GetHandleVerifier [0x00FA17C9+1082985]
GetHandleVerifier [0x00FA13A3+1081923]
GetHandleVerifier [0x0109D9FD+2115741]
Ordinal0 [0x00DCB82E+1488942]
Ordinal0 [0x00D65A7D+1071741]
Ordinal0 [0x00D6559B+1070491]
Ordinal0 [0x00D654B1+1070257]
Ordinal0 [0x00D9FF53+1310547]
BaseThreadInitThunk [0x7560FA29+25]
RtlGetAppContainerNamedObjectPath [0x777076B4+228]
RtlGetAppContainerNamedObjectPath [0x77707684+180]
]]>
            </message>
            <full-stacktrace>
              <![CDATA[org.openqa.selenium.SessionNotCreatedException: session not created: This version of ChromeDriver only supports Chrome version 89
Current browser version is 91.0.4472.124 with binary path C:\Program Files\Google\Chrome\Application\chrome.exe
Build info: version: '3.141.59', revision: 'e82be7d358', time: '2018-11-14T08:17:03'
System info: host: 'JATINKAPOOR01', ip: '192.168.16.1', os.name: 'Windows 10', os.arch: 'amd64', os.version: '10.0', java.version: '1.8.0_221'
Driver info: driver.version: ChromeDriver
remote stacktrace: Backtrace:
Ordinal0 [0x00C7E7D3+124883]
Ordinal0 [0x00C7E7B1+124849]
GetHandleVerifier [0x00EC8688+193832]
GetHandleVerifier [0x00EE3AC5+305509]
GetHandleVerifier [0x00EE021B+291003]
GetHandleVerifier [0x00EDE0AC+282444]
GetHandleVerifier [0x00F04A90+440624]
GetHandleVerifier [0x00F047FC+439964]
GetHandleVerifier [0x00F0154B+426987]
GetHandleVerifier [0x00EE4FFD+310941]
GetHandleVerifier [0x00EE5D8E+314414]
GetHandleVerifier [0x00EE5D19+314297]
GetHandleVerifier [0x00FA31EC+1089676]
GetHandleVerifier [0x00FA17C9+1082985]
GetHandleVerifier [0x00FA13A3+1081923]
GetHandleVerifier [0x0109D9FD+2115741]
Ordinal0 [0x00DCB82E+1488942]
Ordinal0 [0x00D65A7D+1071741]
Ordinal0 [0x00D6559B+1070491]
Ordinal0 [0x00D654B1+1070257]
Ordinal0 [0x00D9FF53+1310547]
BaseThreadInitThunk [0x7560FA29+25]
RtlGetAppContainerNamedObjectPath [0x777076B4+228]
RtlGetAppContainerNamedObjectPath [0x77707684+180]

at sun.reflect.NativeConstructorAccessorImpl.newInstance0(Native Method)
at sun.reflect.NativeConstructorAccessorImpl.newInstance(NativeConstructorAccessorImpl.java:62)
at sun.reflect.DelegatingConstructorAccessorImpl.newInstance(DelegatingConstructorAccessorImpl.java:45)
at java.lang.reflect.Constructor.newInstance(Constructor.java:423)
at org.openqa.selenium.remote.W3CHandshakeResponse.lambda$errorHandler$0(W3CHandshakeResponse.java:62)
at org.openqa.selenium.remote.HandshakeResponse.lambda$getResponseFunction$0(HandshakeResponse.java:30)
at org.openqa.selenium.remote.ProtocolHandshake.lambda$createSession$0(ProtocolHandshake.java:126)
at java.util.stream.ReferencePipeline$3$1.accept(ReferencePipeline.java:193)
at java.util.Spliterators$ArraySpliterator.tryAdvance(Spliterators.java:958)
at java.util.stream.ReferencePipeline.forEachWithCancel(ReferencePipeline.java:126)
at java.util.stream.AbstractPipeline.copyIntoWithCancel(AbstractPipeline.java:499)
at java.util.stream.AbstractPipeline.copyInto(AbstractPipeline.java:486)
at java.util.stream.AbstractPipeline.wrapAndCopyInto(AbstractPipeline.java:472)
at java.util.stream.FindOps$FindOp.evaluateSequential(FindOps.java:152)
at java.util.stream.AbstractPipeline.evaluate(AbstractPipeline.java:234)
at java.util.stream.ReferencePipeline.findFirst(ReferencePipeline.java:464)
at org.openqa.selenium.remote.ProtocolHandshake.createSession(ProtocolHandshake.java:128)
at org.openqa.selenium.remote.ProtocolHandshake.createSession(ProtocolHandshake.java:74)
at org.openqa.selenium.remote.HttpCommandExecutor.execute(HttpCommandExecutor.java:136)
at org.openqa.selenium.remote.service.DriverCommandExecutor.execute(DriverCommandExecutor.java:83)
at org.openqa.selenium.remote.RemoteWebDriver.execute(RemoteWebDriver.java:552)
at org.openqa.selenium.remote.RemoteWebDriver.startSession(RemoteWebDriver.java:213)
at org.openqa.selenium.remote.RemoteWebDriver.<init>(RemoteWebDriver.java:131)
at org.openqa.selenium.chrome.ChromeDriver.<init>(ChromeDriver.java:181)
at org.openqa.selenium.chrome.ChromeDriver.<init>(ChromeDriver.java:168)
at org.openqa.selenium.chrome.ChromeDriver.<init>(ChromeDriver.java:123)
at tests.BaseTest.intializeWebdriver(BaseTest.java:82)
at sun.reflect.NativeMethodAccessorImpl.invoke0(Native Method)
at sun.reflect.NativeMethodAccessorImpl.invoke(NativeMethodAccessorImpl.java:62)
at sun.reflect.DelegatingMethodAccessorImpl.invoke(DelegatingMethodAccessorImpl.java:43)
at java.lang.reflect.Method.invoke(Method.java:498)
at org.testng.internal.MethodInvocationHelper.invokeMethod(MethodInvocationHelper.java:124)
at org.testng.internal.MethodInvocationHelper.invokeMethodConsideringTimeout(MethodInvocationHelper.java:59)
at org.testng.internal.Invoker.invokeConfigurationMethod(Invoker.java:458)
at org.testng.internal.Invoker.invokeConfigurations(Invoker.java:222)
at org.testng.internal.Invoker.invokeMethod(Invoker.java:523)
at org.testng.internal.Invoker.invokeTestMethod(Invoker.java:719)
at org.testng.internal.Invoker.invokeTestMethods(Invoker.java:989)
at org.testng.internal.TestMethodWorker.invokeTestMethods(TestMethodWorker.java:125)
at org.testng.internal.TestMethodWorker.run(TestMethodWorker.java:109)
at org.testng.TestRunner.privateRun(TestRunner.java:648)
at org.testng.TestRunner.run(TestRunner.java:505)
at org.testng.SuiteRunner.runTest(SuiteRunner.java:455)
at org.testng.SuiteRunner.runSequentially(SuiteRunner.java:450)
at org.testng.SuiteRunner.privateRun(SuiteRunner.java:415)
at org.testng.SuiteRunner.run(SuiteRunner.java:364)
at org.testng.SuiteRunnerWorker.runSuite(SuiteRunnerWorker.java:52)
at org.testng.SuiteRunnerWorker.run(SuiteRunnerWorker.java:84)
at org.testng.TestNG.runSuitesSequentially(TestNG.java:1208)
at org.testng.TestNG.runSuitesLocally(TestNG.java:1137)
at org.testng.TestNG.runSuites(TestNG.java:1049)
at org.testng.TestNG.run(TestNG.java:1017)
at org.testng.remote.AbstractRemoteTestNG.run(AbstractRemoteTestNG.java:115)
at org.testng.remote.RemoteTestNG.initAndRun(RemoteTestNG.java:251)
at org.testng.remote.RemoteTestNG.main(RemoteTestNG.java:77)
]]>
            </full-stacktrace>
          </exception> <!-- org.openqa.selenium.SessionNotCreatedException -->
          <reporter-output>
          </reporter-output>
        </test-method> <!-- blankDetails -->
        <test-method status="SKIP" signature="attachScreenshot(org.testng.ITestResult)[pri:0, instance:tests.LoginTest@657c8ad9]" name="attachScreenshot" is-config="true" duration-ms="0" started-at="2021-07-04T13:08:33Z" finished-at="2021-07-04T13:08:33Z">
          <reporter-output>
          </reporter-output>
        </test-method> <!-- attachScreenshot -->
        <test-method status="SKIP" signature="closeBrowser()[pri:0, instance:tests.LoginTest@657c8ad9]" name="closeBrowser" is-config="true" duration-ms="0" started-at="2021-07-04T13:08:33Z" finished-at="2021-07-04T13:08:33Z">
          <reporter-output>
          </reporter-output>
        </test-method> <!-- closeBrowser -->
        <test-method status="SKIP" signature="openBrowser()[pri:0, instance:tests.LoginTest@657c8ad9]" name="openBrowser" is-config="true" duration-ms="0" started-at="2021-07-04T13:08:33Z" finished-at="2021-07-04T13:08:33Z">
          <reporter-output>
          </reporter-output>
        </test-method> <!-- openBrowser -->
        <test-method status="SKIP" signature="intializeWebdriver()[pri:0, instance:tests.LoginTest@657c8ad9]" name="intializeWebdriver" is-config="true" duration-ms="0" started-at="2021-07-04T13:08:33Z" finished-at="2021-07-04T13:08:33Z">
          <reporter-output>
          </reporter-output>
        </test-method> <!-- intializeWebdriver -->
        <test-method status="SKIP" signature="invalidPassword(java.lang.String, java.lang.String)[pri:0, instance:tests.LoginTest@657c8ad9]" name="invalidPassword" duration-ms="0" started-at="2021-07-04T13:08:33Z" data-provider="getInvalidPassTestData" finished-at="2021-07-04T13:08:33Z">
          <exception class="org.openqa.selenium.SessionNotCreatedException">
            <message>
              <![CDATA[session not created: This version of ChromeDriver only supports Chrome version 89
Current browser version is 91.0.4472.124 with binary path C:\Program Files\Google\Chrome\Application\chrome.exe
Build info: version: '3.141.59', revision: 'e82be7d358', time: '2018-11-14T08:17:03'
System info: host: 'JATINKAPOOR01', ip: '192.168.16.1', os.name: 'Windows 10', os.arch: 'amd64', os.version: '10.0', java.version: '1.8.0_221'
Driver info: driver.version: ChromeDriver
remote stacktrace: Backtrace:
Ordinal0 [0x00C7E7D3+124883]
Ordinal0 [0x00C7E7B1+124849]
GetHandleVerifier [0x00EC8688+193832]
GetHandleVerifier [0x00EE3AC5+305509]
GetHandleVerifier [0x00EE021B+291003]
GetHandleVerifier [0x00EDE0AC+282444]
GetHandleVerifier [0x00F04A90+440624]
GetHandleVerifier [0x00F047FC+439964]
GetHandleVerifier [0x00F0154B+426987]
GetHandleVerifier [0x00EE4FFD+310941]
GetHandleVerifier [0x00EE5D8E+314414]
GetHandleVerifier [0x00EE5D19+314297]
GetHandleVerifier [0x00FA31EC+1089676]
GetHandleVerifier [0x00FA17C9+1082985]
GetHandleVerifier [0x00FA13A3+1081923]
GetHandleVerifier [0x0109D9FD+2115741]
Ordinal0 [0x00DCB82E+1488942]
Ordinal0 [0x00D65A7D+1071741]
Ordinal0 [0x00D6559B+1070491]
Ordinal0 [0x00D654B1+1070257]
Ordinal0 [0x00D9FF53+1310547]
BaseThreadInitThunk [0x7560FA29+25]
RtlGetAppContainerNamedObjectPath [0x777076B4+228]
RtlGetAppContainerNamedObjectPath [0x77707684+180]
]]>
            </message>
            <full-stacktrace>
              <![CDATA[org.openqa.selenium.SessionNotCreatedException: session not created: This version of ChromeDriver only supports Chrome version 89
Current browser version is 91.0.4472.124 with binary path C:\Program Files\Google\Chrome\Application\chrome.exe
Build info: version: '3.141.59', revision: 'e82be7d358', time: '2018-11-14T08:17:03'
System info: host: 'JATINKAPOOR01', ip: '192.168.16.1', os.name: 'Windows 10', os.arch: 'amd64', os.version: '10.0', java.version: '1.8.0_221'
Driver info: driver.version: ChromeDriver
remote stacktrace: Backtrace:
Ordinal0 [0x00C7E7D3+124883]
Ordinal0 [0x00C7E7B1+124849]
GetHandleVerifier [0x00EC8688+193832]
GetHandleVerifier [0x00EE3AC5+305509]
GetHandleVerifier [0x00EE021B+291003]
GetHandleVerifier [0x00EDE0AC+282444]
GetHandleVerifier [0x00F04A90+440624]
GetHandleVerifier [0x00F047FC+439964]
GetHandleVerifier [0x00F0154B+426987]
GetHandleVerifier [0x00EE4FFD+310941]
GetHandleVerifier [0x00EE5D8E+314414]
GetHandleVerifier [0x00EE5D19+314297]
GetHandleVerifier [0x00FA31EC+1089676]
GetHandleVerifier [0x00FA17C9+1082985]
GetHandleVerifier [0x00FA13A3+1081923]
GetHandleVerifier [0x0109D9FD+2115741]
Ordinal0 [0x00DCB82E+1488942]
Ordinal0 [0x00D65A7D+1071741]
Ordinal0 [0x00D6559B+1070491]
Ordinal0 [0x00D654B1+1070257]
Ordinal0 [0x00D9FF53+1310547]
BaseThreadInitThunk [0x7560FA29+25]
RtlGetAppContainerNamedObjectPath [0x777076B4+228]
RtlGetAppContainerNamedObjectPath [0x77707684+180]

at sun.reflect.NativeConstructorAccessorImpl.newInstance0(Native Method)
at sun.reflect.NativeConstructorAccessorImpl.newInstance(NativeConstructorAccessorImpl.java:62)
at sun.reflect.DelegatingConstructorAccessorImpl.newInstance(DelegatingConstructorAccessorImpl.java:45)
at java.lang.reflect.Constructor.newInstance(Constructor.java:423)
at org.openqa.selenium.remote.W3CHandshakeResponse.lambda$errorHandler$0(W3CHandshakeResponse.java:62)
at org.openqa.selenium.remote.HandshakeResponse.lambda$getResponseFunction$0(HandshakeResponse.java:30)
at org.openqa.selenium.remote.ProtocolHandshake.lambda$createSession$0(ProtocolHandshake.java:126)
at java.util.stream.ReferencePipeline$3$1.accept(ReferencePipeline.java:193)
at java.util.Spliterators$ArraySpliterator.tryAdvance(Spliterators.java:958)
at java.util.stream.ReferencePipeline.forEachWithCancel(ReferencePipeline.java:126)
at java.util.stream.AbstractPipeline.copyIntoWithCancel(AbstractPipeline.java:499)
at java.util.stream.AbstractPipeline.copyInto(AbstractPipeline.java:486)
at java.util.stream.AbstractPipeline.wrapAndCopyInto(AbstractPipeline.java:472)
at java.util.stream.FindOps$FindOp.evaluateSequential(FindOps.java:152)
at java.util.stream.AbstractPipeline.evaluate(AbstractPipeline.java:234)
at java.util.stream.ReferencePipeline.findFirst(ReferencePipeline.java:464)
at org.openqa.selenium.remote.ProtocolHandshake.createSession(ProtocolHandshake.java:128)
at org.openqa.selenium.remote.ProtocolHandshake.createSession(ProtocolHandshake.java:74)
at org.openqa.selenium.remote.HttpCommandExecutor.execute(HttpCommandExecutor.java:136)
at org.openqa.selenium.remote.service.DriverCommandExecutor.execute(DriverCommandExecutor.java:83)
at org.openqa.selenium.remote.RemoteWebDriver.execute(RemoteWebDriver.java:552)
at org.openqa.selenium.remote.RemoteWebDriver.startSession(RemoteWebDriver.java:213)
at org.openqa.selenium.remote.RemoteWebDriver.<init>(RemoteWebDriver.java:131)
at org.openqa.selenium.chrome.ChromeDriver.<init>(ChromeDriver.java:181)
at org.openqa.selenium.chrome.ChromeDriver.<init>(ChromeDriver.java:168)
at org.openqa.selenium.chrome.ChromeDriver.<init>(ChromeDriver.java:123)
at tests.BaseTest.intializeWebdriver(BaseTest.java:82)
at sun.reflect.NativeMethodAccessorImpl.invoke0(Native Method)
at sun.reflect.NativeMethodAccessorImpl.invoke(NativeMethodAccessorImpl.java:62)
at sun.reflect.DelegatingMethodAccessorImpl.invoke(DelegatingMethodAccessorImpl.java:43)
at java.lang.reflect.Method.invoke(Method.java:498)
at org.testng.internal.MethodInvocationHelper.invokeMethod(MethodInvocationHelper.java:124)
at org.testng.internal.MethodInvocationHelper.invokeMethodConsideringTimeout(MethodInvocationHelper.java:59)
at org.testng.internal.Invoker.invokeConfigurationMethod(Invoker.java:458)
at org.testng.internal.Invoker.invokeConfigurations(Invoker.java:222)
at org.testng.internal.Invoker.invokeMethod(Invoker.java:523)
at org.testng.internal.Invoker.invokeTestMethod(Invoker.java:719)
at org.testng.internal.Invoker.invokeTestMethods(Invoker.java:989)
at org.testng.internal.TestMethodWorker.invokeTestMethods(TestMethodWorker.java:125)
at org.testng.internal.TestMethodWorker.run(TestMethodWorker.java:109)
at org.testng.TestRunner.privateRun(TestRunner.java:648)
at org.testng.TestRunner.run(TestRunner.java:505)
at org.testng.SuiteRunner.runTest(SuiteRunner.java:455)
at org.testng.SuiteRunner.runSequentially(SuiteRunner.java:450)
at org.testng.SuiteRunner.privateRun(SuiteRunner.java:415)
at org.testng.SuiteRunner.run(SuiteRunner.java:364)
at org.testng.SuiteRunnerWorker.runSuite(SuiteRunnerWorker.java:52)
at org.testng.SuiteRunnerWorker.run(SuiteRunnerWorker.java:84)
at org.testng.TestNG.runSuitesSequentially(TestNG.java:1208)
at org.testng.TestNG.runSuitesLocally(TestNG.java:1137)
at org.testng.TestNG.runSuites(TestNG.java:1049)
at org.testng.TestNG.run(TestNG.java:1017)
at org.testng.remote.AbstractRemoteTestNG.run(AbstractRemoteTestNG.java:115)
at org.testng.remote.RemoteTestNG.initAndRun(RemoteTestNG.java:251)
at org.testng.remote.RemoteTestNG.main(RemoteTestNG.java:77)
]]>
            </full-stacktrace>
          </exception> <!-- org.openqa.selenium.SessionNotCreatedException -->
          <reporter-output>
          </reporter-output>
        </test-method> <!-- invalidPassword -->
        <test-method status="SKIP" signature="attachScreenshot(org.testng.ITestResult)[pri:0, instance:tests.LoginTest@657c8ad9]" name="attachScreenshot" is-config="true" duration-ms="0" started-at="2021-07-04T13:08:33Z" finished-at="2021-07-04T13:08:33Z">
          <reporter-output>
          </reporter-output>
        </test-method> <!-- attachScreenshot -->
        <test-method status="SKIP" signature="closeBrowser()[pri:0, instance:tests.LoginTest@657c8ad9]" name="closeBrowser" is-config="true" duration-ms="0" started-at="2021-07-04T13:08:33Z" finished-at="2021-07-04T13:08:33Z">
          <reporter-output>
          </reporter-output>
        </test-method> <!-- closeBrowser -->
        <test-method status="SKIP" signature="intializeWebdriver()[pri:0, instance:tests.LoginTest@657c8ad9]" name="intializeWebdriver" is-config="true" duration-ms="0" started-at="2021-07-04T13:08:33Z" finished-at="2021-07-04T13:08:33Z">
          <reporter-output>
          </reporter-output>
        </test-method> <!-- intializeWebdriver -->
        <test-method status="SKIP" signature="openBrowser()[pri:0, instance:tests.LoginTest@657c8ad9]" name="openBrowser" is-config="true" duration-ms="0" started-at="2021-07-04T13:08:33Z" finished-at="2021-07-04T13:08:33Z">
          <reporter-output>
          </reporter-output>
        </test-method> <!-- openBrowser -->
        <test-method status="SKIP" signature="invalidUsername(java.lang.String, java.lang.String)[pri:0, instance:tests.LoginTest@657c8ad9]" name="invalidUsername" duration-ms="0" started-at="2021-07-04T13:08:33Z" data-provider="getInvalidUsernameTestData" finished-at="2021-07-04T13:08:33Z">
          <exception class="org.openqa.selenium.SessionNotCreatedException">
            <message>
              <![CDATA[session not created: This version of ChromeDriver only supports Chrome version 89
Current browser version is 91.0.4472.124 with binary path C:\Program Files\Google\Chrome\Application\chrome.exe
Build info: version: '3.141.59', revision: 'e82be7d358', time: '2018-11-14T08:17:03'
System info: host: 'JATINKAPOOR01', ip: '192.168.16.1', os.name: 'Windows 10', os.arch: 'amd64', os.version: '10.0', java.version: '1.8.0_221'
Driver info: driver.version: ChromeDriver
remote stacktrace: Backtrace:
Ordinal0 [0x00C7E7D3+124883]
Ordinal0 [0x00C7E7B1+124849]
GetHandleVerifier [0x00EC8688+193832]
GetHandleVerifier [0x00EE3AC5+305509]
GetHandleVerifier [0x00EE021B+291003]
GetHandleVerifier [0x00EDE0AC+282444]
GetHandleVerifier [0x00F04A90+440624]
GetHandleVerifier [0x00F047FC+439964]
GetHandleVerifier [0x00F0154B+426987]
GetHandleVerifier [0x00EE4FFD+310941]
GetHandleVerifier [0x00EE5D8E+314414]
GetHandleVerifier [0x00EE5D19+314297]
GetHandleVerifier [0x00FA31EC+1089676]
GetHandleVerifier [0x00FA17C9+1082985]
GetHandleVerifier [0x00FA13A3+1081923]
GetHandleVerifier [0x0109D9FD+2115741]
Ordinal0 [0x00DCB82E+1488942]
Ordinal0 [0x00D65A7D+1071741]
Ordinal0 [0x00D6559B+1070491]
Ordinal0 [0x00D654B1+1070257]
Ordinal0 [0x00D9FF53+1310547]
BaseThreadInitThunk [0x7560FA29+25]
RtlGetAppContainerNamedObjectPath [0x777076B4+228]
RtlGetAppContainerNamedObjectPath [0x77707684+180]
]]>
            </message>
            <full-stacktrace>
              <![CDATA[org.openqa.selenium.SessionNotCreatedException: session not created: This version of ChromeDriver only supports Chrome version 89
Current browser version is 91.0.4472.124 with binary path C:\Program Files\Google\Chrome\Application\chrome.exe
Build info: version: '3.141.59', revision: 'e82be7d358', time: '2018-11-14T08:17:03'
System info: host: 'JATINKAPOOR01', ip: '192.168.16.1', os.name: 'Windows 10', os.arch: 'amd64', os.version: '10.0', java.version: '1.8.0_221'
Driver info: driver.version: ChromeDriver
remote stacktrace: Backtrace:
Ordinal0 [0x00C7E7D3+124883]
Ordinal0 [0x00C7E7B1+124849]
GetHandleVerifier [0x00EC8688+193832]
GetHandleVerifier [0x00EE3AC5+305509]
GetHandleVerifier [0x00EE021B+291003]
GetHandleVerifier [0x00EDE0AC+282444]
GetHandleVerifier [0x00F04A90+440624]
GetHandleVerifier [0x00F047FC+439964]
GetHandleVerifier [0x00F0154B+426987]
GetHandleVerifier [0x00EE4FFD+310941]
GetHandleVerifier [0x00EE5D8E+314414]
GetHandleVerifier [0x00EE5D19+314297]
GetHandleVerifier [0x00FA31EC+1089676]
GetHandleVerifier [0x00FA17C9+1082985]
GetHandleVerifier [0x00FA13A3+1081923]
GetHandleVerifier [0x0109D9FD+2115741]
Ordinal0 [0x00DCB82E+1488942]
Ordinal0 [0x00D65A7D+1071741]
Ordinal0 [0x00D6559B+1070491]
Ordinal0 [0x00D654B1+1070257]
Ordinal0 [0x00D9FF53+1310547]
BaseThreadInitThunk [0x7560FA29+25]
RtlGetAppContainerNamedObjectPath [0x777076B4+228]
RtlGetAppContainerNamedObjectPath [0x77707684+180]

at sun.reflect.NativeConstructorAccessorImpl.newInstance0(Native Method)
at sun.reflect.NativeConstructorAccessorImpl.newInstance(NativeConstructorAccessorImpl.java:62)
at sun.reflect.DelegatingConstructorAccessorImpl.newInstance(DelegatingConstructorAccessorImpl.java:45)
at java.lang.reflect.Constructor.newInstance(Constructor.java:423)
at org.openqa.selenium.remote.W3CHandshakeResponse.lambda$errorHandler$0(W3CHandshakeResponse.java:62)
at org.openqa.selenium.remote.HandshakeResponse.lambda$getResponseFunction$0(HandshakeResponse.java:30)
at org.openqa.selenium.remote.ProtocolHandshake.lambda$createSession$0(ProtocolHandshake.java:126)
at java.util.stream.ReferencePipeline$3$1.accept(ReferencePipeline.java:193)
at java.util.Spliterators$ArraySpliterator.tryAdvance(Spliterators.java:958)
at java.util.stream.ReferencePipeline.forEachWithCancel(ReferencePipeline.java:126)
at java.util.stream.AbstractPipeline.copyIntoWithCancel(AbstractPipeline.java:499)
at java.util.stream.AbstractPipeline.copyInto(AbstractPipeline.java:486)
at java.util.stream.AbstractPipeline.wrapAndCopyInto(AbstractPipeline.java:472)
at java.util.stream.FindOps$FindOp.evaluateSequential(FindOps.java:152)
at java.util.stream.AbstractPipeline.evaluate(AbstractPipeline.java:234)
at java.util.stream.ReferencePipeline.findFirst(ReferencePipeline.java:464)
at org.openqa.selenium.remote.ProtocolHandshake.createSession(ProtocolHandshake.java:128)
at org.openqa.selenium.remote.ProtocolHandshake.createSession(ProtocolHandshake.java:74)
at org.openqa.selenium.remote.HttpCommandExecutor.execute(HttpCommandExecutor.java:136)
at org.openqa.selenium.remote.service.DriverCommandExecutor.execute(DriverCommandExecutor.java:83)
at org.openqa.selenium.remote.RemoteWebDriver.execute(RemoteWebDriver.java:552)
at org.openqa.selenium.remote.RemoteWebDriver.startSession(RemoteWebDriver.java:213)
at org.openqa.selenium.remote.RemoteWebDriver.<init>(RemoteWebDriver.java:131)
at org.openqa.selenium.chrome.ChromeDriver.<init>(ChromeDriver.java:181)
at org.openqa.selenium.chrome.ChromeDriver.<init>(ChromeDriver.java:168)
at org.openqa.selenium.chrome.ChromeDriver.<init>(ChromeDriver.java:123)
at tests.BaseTest.intializeWebdriver(BaseTest.java:82)
at sun.reflect.NativeMethodAccessorImpl.invoke0(Native Method)
at sun.reflect.NativeMethodAccessorImpl.invoke(NativeMethodAccessorImpl.java:62)
at sun.reflect.DelegatingMethodAccessorImpl.invoke(DelegatingMethodAccessorImpl.java:43)
at java.lang.reflect.Method.invoke(Method.java:498)
at org.testng.internal.MethodInvocationHelper.invokeMethod(MethodInvocationHelper.java:124)
at org.testng.internal.MethodInvocationHelper.invokeMethodConsideringTimeout(MethodInvocationHelper.java:59)
at org.testng.internal.Invoker.invokeConfigurationMethod(Invoker.java:458)
at org.testng.internal.Invoker.invokeConfigurations(Invoker.java:222)
at org.testng.internal.Invoker.invokeMethod(Invoker.java:523)
at org.testng.internal.Invoker.invokeTestMethod(Invoker.java:719)
at org.testng.internal.Invoker.invokeTestMethods(Invoker.java:989)
at org.testng.internal.TestMethodWorker.invokeTestMethods(TestMethodWorker.java:125)
at org.testng.internal.TestMethodWorker.run(TestMethodWorker.java:109)
at org.testng.TestRunner.privateRun(TestRunner.java:648)
at org.testng.TestRunner.run(TestRunner.java:505)
at org.testng.SuiteRunner.runTest(SuiteRunner.java:455)
at org.testng.SuiteRunner.runSequentially(SuiteRunner.java:450)
at org.testng.SuiteRunner.privateRun(SuiteRunner.java:415)
at org.testng.SuiteRunner.run(SuiteRunner.java:364)
at org.testng.SuiteRunnerWorker.runSuite(SuiteRunnerWorker.java:52)
at org.testng.SuiteRunnerWorker.run(SuiteRunnerWorker.java:84)
at org.testng.TestNG.runSuitesSequentially(TestNG.java:1208)
at org.testng.TestNG.runSuitesLocally(TestNG.java:1137)
at org.testng.TestNG.runSuites(TestNG.java:1049)
at org.testng.TestNG.run(TestNG.java:1017)
at org.testng.remote.AbstractRemoteTestNG.run(AbstractRemoteTestNG.java:115)
at org.testng.remote.RemoteTestNG.initAndRun(RemoteTestNG.java:251)
at org.testng.remote.RemoteTestNG.main(RemoteTestNG.java:77)
]]>
            </full-stacktrace>
          </exception> <!-- org.openqa.selenium.SessionNotCreatedException -->
          <reporter-output>
          </reporter-output>
        </test-method> <!-- invalidUsername -->
        <test-method status="SKIP" signature="attachScreenshot(org.testng.ITestResult)[pri:0, instance:tests.LoginTest@657c8ad9]" name="attachScreenshot" is-config="true" duration-ms="0" started-at="2021-07-04T13:08:33Z" finished-at="2021-07-04T13:08:33Z">
          <reporter-output>
          </reporter-output>
        </test-method> <!-- attachScreenshot -->
        <test-method status="SKIP" signature="closeBrowser()[pri:0, instance:tests.LoginTest@657c8ad9]" name="closeBrowser" is-config="true" duration-ms="0" started-at="2021-07-04T13:08:33Z" finished-at="2021-07-04T13:08:33Z">
          <reporter-output>
          </reporter-output>
        </test-method> <!-- closeBrowser -->
        <test-method status="SKIP" signature="intializeWebdriver()[pri:0, instance:tests.LoginTest@657c8ad9]" name="intializeWebdriver" is-config="true" duration-ms="0" started-at="2021-07-04T13:08:33Z" finished-at="2021-07-04T13:08:33Z">
          <reporter-output>
          </reporter-output>
        </test-method> <!-- intializeWebdriver -->
        <test-method status="SKIP" signature="openBrowser()[pri:0, instance:tests.LoginTest@657c8ad9]" name="openBrowser" is-config="true" duration-ms="0" started-at="2021-07-04T13:08:33Z" finished-at="2021-07-04T13:08:33Z">
          <reporter-output>
          </reporter-output>
        </test-method> <!-- openBrowser -->
        <test-method status="SKIP" signature="validLogin(java.lang.String, java.lang.String)[pri:0, instance:tests.LoginTest@657c8ad9]" name="validLogin" duration-ms="0" started-at="2021-07-04T13:08:33Z" data-provider="getValidLoginData" finished-at="2021-07-04T13:08:33Z">
          <exception class="org.openqa.selenium.SessionNotCreatedException">
            <message>
              <![CDATA[session not created: This version of ChromeDriver only supports Chrome version 89
Current browser version is 91.0.4472.124 with binary path C:\Program Files\Google\Chrome\Application\chrome.exe
Build info: version: '3.141.59', revision: 'e82be7d358', time: '2018-11-14T08:17:03'
System info: host: 'JATINKAPOOR01', ip: '192.168.16.1', os.name: 'Windows 10', os.arch: 'amd64', os.version: '10.0', java.version: '1.8.0_221'
Driver info: driver.version: ChromeDriver
remote stacktrace: Backtrace:
Ordinal0 [0x00C7E7D3+124883]
Ordinal0 [0x00C7E7B1+124849]
GetHandleVerifier [0x00EC8688+193832]
GetHandleVerifier [0x00EE3AC5+305509]
GetHandleVerifier [0x00EE021B+291003]
GetHandleVerifier [0x00EDE0AC+282444]
GetHandleVerifier [0x00F04A90+440624]
GetHandleVerifier [0x00F047FC+439964]
GetHandleVerifier [0x00F0154B+426987]
GetHandleVerifier [0x00EE4FFD+310941]
GetHandleVerifier [0x00EE5D8E+314414]
GetHandleVerifier [0x00EE5D19+314297]
GetHandleVerifier [0x00FA31EC+1089676]
GetHandleVerifier [0x00FA17C9+1082985]
GetHandleVerifier [0x00FA13A3+1081923]
GetHandleVerifier [0x0109D9FD+2115741]
Ordinal0 [0x00DCB82E+1488942]
Ordinal0 [0x00D65A7D+1071741]
Ordinal0 [0x00D6559B+1070491]
Ordinal0 [0x00D654B1+1070257]
Ordinal0 [0x00D9FF53+1310547]
BaseThreadInitThunk [0x7560FA29+25]
RtlGetAppContainerNamedObjectPath [0x777076B4+228]
RtlGetAppContainerNamedObjectPath [0x77707684+180]
]]>
            </message>
            <full-stacktrace>
              <![CDATA[org.openqa.selenium.SessionNotCreatedException: session not created: This version of ChromeDriver only supports Chrome version 89
Current browser version is 91.0.4472.124 with binary path C:\Program Files\Google\Chrome\Application\chrome.exe
Build info: version: '3.141.59', revision: 'e82be7d358', time: '2018-11-14T08:17:03'
System info: host: 'JATINKAPOOR01', ip: '192.168.16.1', os.name: 'Windows 10', os.arch: 'amd64', os.version: '10.0', java.version: '1.8.0_221'
Driver info: driver.version: ChromeDriver
remote stacktrace: Backtrace:
Ordinal0 [0x00C7E7D3+124883]
Ordinal0 [0x00C7E7B1+124849]
GetHandleVerifier [0x00EC8688+193832]
GetHandleVerifier [0x00EE3AC5+305509]
GetHandleVerifier [0x00EE021B+291003]
GetHandleVerifier [0x00EDE0AC+282444]
GetHandleVerifier [0x00F04A90+440624]
GetHandleVerifier [0x00F047FC+439964]
GetHandleVerifier [0x00F0154B+426987]
GetHandleVerifier [0x00EE4FFD+310941]
GetHandleVerifier [0x00EE5D8E+314414]
GetHandleVerifier [0x00EE5D19+314297]
GetHandleVerifier [0x00FA31EC+1089676]
GetHandleVerifier [0x00FA17C9+1082985]
GetHandleVerifier [0x00FA13A3+1081923]
GetHandleVerifier [0x0109D9FD+2115741]
Ordinal0 [0x00DCB82E+1488942]
Ordinal0 [0x00D65A7D+1071741]
Ordinal0 [0x00D6559B+1070491]
Ordinal0 [0x00D654B1+1070257]
Ordinal0 [0x00D9FF53+1310547]
BaseThreadInitThunk [0x7560FA29+25]
RtlGetAppContainerNamedObjectPath [0x777076B4+228]
RtlGetAppContainerNamedObjectPath [0x77707684+180]

at sun.reflect.NativeConstructorAccessorImpl.newInstance0(Native Method)
at sun.reflect.NativeConstructorAccessorImpl.newInstance(NativeConstructorAccessorImpl.java:62)
at sun.reflect.DelegatingConstructorAccessorImpl.newInstance(DelegatingConstructorAccessorImpl.java:45)
at java.lang.reflect.Constructor.newInstance(Constructor.java:423)
at org.openqa.selenium.remote.W3CHandshakeResponse.lambda$errorHandler$0(W3CHandshakeResponse.java:62)
at org.openqa.selenium.remote.HandshakeResponse.lambda$getResponseFunction$0(HandshakeResponse.java:30)
at org.openqa.selenium.remote.ProtocolHandshake.lambda$createSession$0(ProtocolHandshake.java:126)
at java.util.stream.ReferencePipeline$3$1.accept(ReferencePipeline.java:193)
at java.util.Spliterators$ArraySpliterator.tryAdvance(Spliterators.java:958)
at java.util.stream.ReferencePipeline.forEachWithCancel(ReferencePipeline.java:126)
at java.util.stream.AbstractPipeline.copyIntoWithCancel(AbstractPipeline.java:499)
at java.util.stream.AbstractPipeline.copyInto(AbstractPipeline.java:486)
at java.util.stream.AbstractPipeline.wrapAndCopyInto(AbstractPipeline.java:472)
at java.util.stream.FindOps$FindOp.evaluateSequential(FindOps.java:152)
at java.util.stream.AbstractPipeline.evaluate(AbstractPipeline.java:234)
at java.util.stream.ReferencePipeline.findFirst(ReferencePipeline.java:464)
at org.openqa.selenium.remote.ProtocolHandshake.createSession(ProtocolHandshake.java:128)
at org.openqa.selenium.remote.ProtocolHandshake.createSession(ProtocolHandshake.java:74)
at org.openqa.selenium.remote.HttpCommandExecutor.execute(HttpCommandExecutor.java:136)
at org.openqa.selenium.remote.service.DriverCommandExecutor.execute(DriverCommandExecutor.java:83)
at org.openqa.selenium.remote.RemoteWebDriver.execute(RemoteWebDriver.java:552)
at org.openqa.selenium.remote.RemoteWebDriver.startSession(RemoteWebDriver.java:213)
at org.openqa.selenium.remote.RemoteWebDriver.<init>(RemoteWebDriver.java:131)
at org.openqa.selenium.chrome.ChromeDriver.<init>(ChromeDriver.java:181)
at org.openqa.selenium.chrome.ChromeDriver.<init>(ChromeDriver.java:168)
at org.openqa.selenium.chrome.ChromeDriver.<init>(ChromeDriver.java:123)
at tests.BaseTest.intializeWebdriver(BaseTest.java:82)
at sun.reflect.NativeMethodAccessorImpl.invoke0(Native Method)
at sun.reflect.NativeMethodAccessorImpl.invoke(NativeMethodAccessorImpl.java:62)
at sun.reflect.DelegatingMethodAccessorImpl.invoke(DelegatingMethodAccessorImpl.java:43)
at java.lang.reflect.Method.invoke(Method.java:498)
at org.testng.internal.MethodInvocationHelper.invokeMethod(MethodInvocationHelper.java:124)
at org.testng.internal.MethodInvocationHelper.invokeMethodConsideringTimeout(MethodInvocationHelper.java:59)
at org.testng.internal.Invoker.invokeConfigurationMethod(Invoker.java:458)
at org.testng.internal.Invoker.invokeConfigurations(Invoker.java:222)
at org.testng.internal.Invoker.invokeMethod(Invoker.java:523)
at org.testng.internal.Invoker.invokeTestMethod(Invoker.java:719)
at org.testng.internal.Invoker.invokeTestMethods(Invoker.java:989)
at org.testng.internal.TestMethodWorker.invokeTestMethods(TestMethodWorker.java:125)
at org.testng.internal.TestMethodWorker.run(TestMethodWorker.java:109)
at org.testng.TestRunner.privateRun(TestRunner.java:648)
at org.testng.TestRunner.run(TestRunner.java:505)
at org.testng.SuiteRunner.runTest(SuiteRunner.java:455)
at org.testng.SuiteRunner.runSequentially(SuiteRunner.java:450)
at org.testng.SuiteRunner.privateRun(SuiteRunner.java:415)
at org.testng.SuiteRunner.run(SuiteRunner.java:364)
at org.testng.SuiteRunnerWorker.runSuite(SuiteRunnerWorker.java:52)
at org.testng.SuiteRunnerWorker.run(SuiteRunnerWorker.java:84)
at org.testng.TestNG.runSuitesSequentially(TestNG.java:1208)
at org.testng.TestNG.runSuitesLocally(TestNG.java:1137)
at org.testng.TestNG.runSuites(TestNG.java:1049)
at org.testng.TestNG.run(TestNG.java:1017)
at org.testng.remote.AbstractRemoteTestNG.run(AbstractRemoteTestNG.java:115)
at org.testng.remote.RemoteTestNG.initAndRun(RemoteTestNG.java:251)
at org.testng.remote.RemoteTestNG.main(RemoteTestNG.java:77)
]]>
            </full-stacktrace>
          </exception> <!-- org.openqa.selenium.SessionNotCreatedException -->
          <reporter-output>
          </reporter-output>
        </test-method> <!-- validLogin -->
        <test-method status="SKIP" signature="attachScreenshot(org.testng.ITestResult)[pri:0, instance:tests.LoginTest@657c8ad9]" name="attachScreenshot" is-config="true" duration-ms="0" started-at="2021-07-04T13:08:33Z" finished-at="2021-07-04T13:08:33Z">
          <reporter-output>
          </reporter-output>
        </test-method> <!-- attachScreenshot -->
        <test-method status="SKIP" signature="closeBrowser()[pri:0, instance:tests.LoginTest@657c8ad9]" name="closeBrowser" is-config="true" duration-ms="0" started-at="2021-07-04T13:08:33Z" finished-at="2021-07-04T13:08:33Z">
          <reporter-output>
          </reporter-output>
        </test-method> <!-- closeBrowser -->
        <test-method status="PASS" signature="endReport()[pri:0, instance:tests.LoginTest@657c8ad9]" name="endReport" is-config="true" duration-ms="378" started-at="2021-07-04T13:08:34Z" finished-at="2021-07-04T13:08:34Z">
          <reporter-output>
          </reporter-output>
        </test-method> <!-- endReport -->
      </class> <!-- tests.LoginTest -->
    </test> <!-- Default test -->
  </suite> <!-- Default suite -->
</testng-results>
