<?xml version="1.0" encoding="UTF-8"?>
<!-- Generated by org.testng.reporters.JUnitXMLReporter -->
<testsuite hostname="jatinkapoor01" ignored="4" name="Test" tests="12" failures="0" timestamp="04 Jul 2021 13:07:46 GMT" time="8.13" errors="0">
  <testcase name="@BeforeMethod intializeWebdriver" time="2.706" classname="tests.BaseTest">
    <failure type="org.openqa.selenium.SessionNotCreatedException" message="session not created: This version of ChromeDriver only supports Chrome version 89
Current browser version is 91.0.4472.124 with binary path C:\Program Files\Google\Chrome\Application\chrome.exe
Build info: version: &amp;apos;3.141.59&amp;apos;, revision: &amp;apos;e82be7d358&amp;apos;, time: &amp;apos;2018-11-14T08:17:03&amp;apos;
System info: host: &amp;apos;JATINKAPOOR01&amp;apos;, ip: &amp;apos;192.168.16.1&amp;apos;, os.name: &amp;apos;Windows 10&amp;apos;, os.arch: &amp;apos;amd64&amp;apos;, os.version: &amp;apos;10.0&amp;apos;, java.version: &amp;apos;1.8.0_221&amp;apos;
Driver info: driver.version: ChromeDriver
remote stacktrace: Backtrace:
	Ordinal0 [0x00C7E7D3+124883]
	Ordinal0 [0x00C7E7B1+124849]
	GetHandleVerifier [0x00EC8688+193832]
	GetHandleVerifier [0x00EE3AC5+305509]
	GetHandleVerifier [0x00EE021B+291003]
	GetHandleVerifier [0x00EDE0AC+282444]
	GetHandleVerifier [0x00F04A90+440624]
	GetHandleVerifier [0x00F047FC+439964]
	GetHandleVerifier [0x00F0154B+426987]
	GetHandleVerifier [0x00EE4FFD+310941]
	GetHandleVerifier [0x00EE5D8E+314414]
	GetHandleVerifier [0x00EE5D19+314297]
	GetHandleVerifier [0x00FA31EC+1089676]
	GetHandleVerifier [0x00FA17C9+1082985]
	GetHandleVerifier [0x00FA13A3+1081923]
	GetHandleVerifier [0x0109D9FD+2115741]
	Ordinal0 [0x00DCB82E+1488942]
	Ordinal0 [0x00D65A7D+1071741]
	Ordinal0 [0x00D6559B+1070491]
	Ordinal0 [0x00D654B1+1070257]
	Ordinal0 [0x00D9FF53+1310547]
	BaseThreadInitThunk [0x7560FA29+25]
	RtlGetAppContainerNamedObjectPath [0x777076B4+228]
	RtlGetAppContainerNamedObjectPath [0x77707684+180]
">
      <![CDATA[org.openqa.selenium.SessionNotCreatedException: session not created: This version of ChromeDriver only supports Chrome version 89
Current browser version is 91.0.4472.124 with binary path C:\Program Files\Google\Chrome\Application\chrome.exe
Build info: version: '3.141.59', revision: 'e82be7d358', time: '2018-11-14T08:17:03'
System info: host: 'JATINKAPOOR01', ip: '192.168.16.1', os.name: 'Windows 10', os.arch: 'amd64', os.version: '10.0', java.version: '1.8.0_221'
Driver info: driver.version: ChromeDriver
remote stacktrace: Backtrace:
Ordinal0 [0x00C7E7D3+124883]
Ordinal0 [0x00C7E7B1+124849]
GetHandleVerifier [0x00EC8688+193832]
GetHandleVerifier [0x00EE3AC5+305509]
GetHandleVerifier [0x00EE021B+291003]
GetHandleVerifier [0x00EDE0AC+282444]
GetHandleVerifier [0x00F04A90+440624]
GetHandleVerifier [0x00F047FC+439964]
GetHandleVerifier [0x00F0154B+426987]
GetHandleVerifier [0x00EE4FFD+310941]
GetHandleVerifier [0x00EE5D8E+314414]
GetHandleVerifier [0x00EE5D19+314297]
GetHandleVerifier [0x00FA31EC+1089676]
GetHandleVerifier [0x00FA17C9+1082985]
GetHandleVerifier [0x00FA13A3+1081923]
GetHandleVerifier [0x0109D9FD+2115741]
Ordinal0 [0x00DCB82E+1488942]
Ordinal0 [0x00D65A7D+1071741]
Ordinal0 [0x00D6559B+1070491]
Ordinal0 [0x00D654B1+1070257]
Ordinal0 [0x00D9FF53+1310547]
BaseThreadInitThunk [0x7560FA29+25]
RtlGetAppContainerNamedObjectPath [0x777076B4+228]
RtlGetAppContainerNamedObjectPath [0x77707684+180]

at org.openqa.selenium.remote.W3CHandshakeResponse.lambda$errorHandler$0(W3CHandshakeResponse.java:62)
at org.openqa.selenium.remote.HandshakeResponse.lambda$getResponseFunction$0(HandshakeResponse.java:30)
at org.openqa.selenium.remote.ProtocolHandshake.lambda$createSession$0(ProtocolHandshake.java:126)
at java.util.stream.ReferencePipeline$3$1.accept(ReferencePipeline.java:193)
at java.util.Spliterators$ArraySpliterator.tryAdvance(Spliterators.java:958)
at java.util.stream.ReferencePipeline.forEachWithCancel(ReferencePipeline.java:126)
at java.util.stream.AbstractPipeline.copyIntoWithCancel(AbstractPipeline.java:499)
at java.util.stream.AbstractPipeline.copyInto(AbstractPipeline.java:486)
at java.util.stream.AbstractPipeline.wrapAndCopyInto(AbstractPipeline.java:472)
at java.util.stream.FindOps$FindOp.evaluateSequential(FindOps.java:152)
at java.util.stream.AbstractPipeline.evaluate(AbstractPipeline.java:234)
at java.util.stream.ReferencePipeline.findFirst(ReferencePipeline.java:464)
at org.openqa.selenium.remote.ProtocolHandshake.createSession(ProtocolHandshake.java:128)
at org.openqa.selenium.remote.ProtocolHandshake.createSession(ProtocolHandshake.java:74)
at org.openqa.selenium.remote.HttpCommandExecutor.execute(HttpCommandExecutor.java:136)
at org.openqa.selenium.remote.service.DriverCommandExecutor.execute(DriverCommandExecutor.java:83)
at org.openqa.selenium.remote.RemoteWebDriver.execute(RemoteWebDriver.java:552)
at org.openqa.selenium.remote.RemoteWebDriver.startSession(RemoteWebDriver.java:213)
at org.openqa.selenium.remote.RemoteWebDriver.<init>(RemoteWebDriver.java:131)
at org.openqa.selenium.chrome.ChromeDriver.<init>(ChromeDriver.java:181)
at org.openqa.selenium.chrome.ChromeDriver.<init>(ChromeDriver.java:168)
at org.openqa.selenium.chrome.ChromeDriver.<init>(ChromeDriver.java:123)
at tests.BaseTest.intializeWebdriver(BaseTest.java:82)
... Removed 32 stack frames]]>
    </failure>
  </testcase> <!-- @BeforeMethod intializeWebdriver -->
  <testcase name="@BeforeMethod openBrowser" time="0.0" classname="tests.BaseTest">
    <skipped/>
  </testcase> <!-- @BeforeMethod openBrowser -->
  <testcase name="@AfterMethod attachScreenshot" time="0.0" classname="tests.BaseTest">
    <skipped/>
  </testcase> <!-- @AfterMethod attachScreenshot -->
  <testcase name="@AfterMethod closeBrowser" time="0.0" classname="tests.BaseTest">
    <skipped/>
  </testcase> <!-- @AfterMethod closeBrowser -->
  <testcase name="@BeforeMethod intializeWebdriver" time="0.0" classname="tests.BaseTest">
    <skipped/>
  </testcase> <!-- @BeforeMethod intializeWebdriver -->
  <testcase name="@BeforeMethod openBrowser" time="0.0" classname="tests.BaseTest">
    <skipped/>
  </testcase> <!-- @BeforeMethod openBrowser -->
  <testcase name="@AfterMethod attachScreenshot" time="0.0" classname="tests.BaseTest">
    <skipped/>
  </testcase> <!-- @AfterMethod attachScreenshot -->
  <testcase name="@AfterMethod closeBrowser" time="0.0" classname="tests.BaseTest">
    <skipped/>
  </testcase> <!-- @AfterMethod closeBrowser -->
  <testcase name="@BeforeMethod intializeWebdriver" time="0.0" classname="tests.BaseTest">
    <skipped/>
  </testcase> <!-- @BeforeMethod intializeWebdriver -->
  <testcase name="@BeforeMethod openBrowser" time="0.0" classname="tests.BaseTest">
    <skipped/>
  </testcase> <!-- @BeforeMethod openBrowser -->
  <testcase name="@AfterMethod attachScreenshot" time="0.0" classname="tests.BaseTest">
    <skipped/>
  </testcase> <!-- @AfterMethod attachScreenshot -->
  <testcase name="@AfterMethod closeBrowser" time="0.0" classname="tests.BaseTest">
    <skipped/>
  </testcase> <!-- @AfterMethod closeBrowser -->
  <testcase name="@BeforeMethod intializeWebdriver" time="0.0" classname="tests.BaseTest">
    <skipped/>
  </testcase> <!-- @BeforeMethod intializeWebdriver -->
  <testcase name="@BeforeMethod openBrowser" time="0.0" classname="tests.BaseTest">
    <skipped/>
  </testcase> <!-- @BeforeMethod openBrowser -->
  <testcase name="@AfterMethod attachScreenshot" time="0.0" classname="tests.BaseTest">
    <skipped/>
  </testcase> <!-- @AfterMethod attachScreenshot -->
  <testcase name="@AfterMethod closeBrowser" time="0.0" classname="tests.BaseTest">
    <skipped/>
  </testcase> <!-- @AfterMethod closeBrowser -->
  <testcase name="@BeforeMethod intializeWebdriver" time="0.0" classname="tests.BaseTest">
    <skipped/>
  </testcase> <!-- @BeforeMethod intializeWebdriver -->
  <testcase name="@BeforeMethod openBrowser" time="0.0" classname="tests.BaseTest">
    <skipped/>
  </testcase> <!-- @BeforeMethod openBrowser -->
  <testcase name="@AfterMethod attachScreenshot" time="0.0" classname="tests.BaseTest">
    <skipped/>
  </testcase> <!-- @AfterMethod attachScreenshot -->
  <testcase name="@AfterMethod closeBrowser" time="0.0" classname="tests.BaseTest">
    <skipped/>
  </testcase> <!-- @AfterMethod closeBrowser -->
  <testcase name="@BeforeMethod intializeWebdriver" time="0.0" classname="tests.BaseTest">
    <skipped/>
  </testcase> <!-- @BeforeMethod intializeWebdriver -->
  <testcase name="@BeforeMethod openBrowser" time="0.0" classname="tests.BaseTest">
    <skipped/>
  </testcase> <!-- @BeforeMethod openBrowser -->
  <testcase name="@AfterMethod attachScreenshot" time="0.0" classname="tests.BaseTest">
    <skipped/>
  </testcase> <!-- @AfterMethod attachScreenshot -->
  <testcase name="@AfterMethod closeBrowser" time="0.0" classname="tests.BaseTest">
    <skipped/>
  </testcase> <!-- @AfterMethod closeBrowser -->
  <testcase name="@BeforeMethod intializeWebdriver" time="1.624" classname="tests.BaseTest">
    <failure type="org.openqa.selenium.SessionNotCreatedException" message="session not created: This version of ChromeDriver only supports Chrome version 89
Current browser version is 91.0.4472.124 with binary path C:\Program Files\Google\Chrome\Application\chrome.exe
Build info: version: &amp;apos;3.141.59&amp;apos;, revision: &amp;apos;e82be7d358&amp;apos;, time: &amp;apos;2018-11-14T08:17:03&amp;apos;
System info: host: &amp;apos;JATINKAPOOR01&amp;apos;, ip: &amp;apos;192.168.16.1&amp;apos;, os.name: &amp;apos;Windows 10&amp;apos;, os.arch: &amp;apos;amd64&amp;apos;, os.version: &amp;apos;10.0&amp;apos;, java.version: &amp;apos;1.8.0_221&amp;apos;
Driver info: driver.version: ChromeDriver
remote stacktrace: Backtrace:
	Ordinal0 [0x00C7E7D3+124883]
	Ordinal0 [0x00C7E7B1+124849]
	GetHandleVerifier [0x00EC8688+193832]
	GetHandleVerifier [0x00EE3AC5+305509]
	GetHandleVerifier [0x00EE021B+291003]
	GetHandleVerifier [0x00EDE0AC+282444]
	GetHandleVerifier [0x00F04A90+440624]
	GetHandleVerifier [0x00F047FC+439964]
	GetHandleVerifier [0x00F0154B+426987]
	GetHandleVerifier [0x00EE4FFD+310941]
	GetHandleVerifier [0x00EE5D8E+314414]
	GetHandleVerifier [0x00EE5D19+314297]
	GetHandleVerifier [0x00FA31EC+1089676]
	GetHandleVerifier [0x00FA17C9+1082985]
	GetHandleVerifier [0x00FA13A3+1081923]
	GetHandleVerifier [0x0109D9FD+2115741]
	Ordinal0 [0x00DCB82E+1488942]
	Ordinal0 [0x00D65A7D+1071741]
	Ordinal0 [0x00D6559B+1070491]
	Ordinal0 [0x00D654B1+1070257]
	Ordinal0 [0x00D9FF53+1310547]
	BaseThreadInitThunk [0x7560FA29+25]
	RtlGetAppContainerNamedObjectPath [0x777076B4+228]
	RtlGetAppContainerNamedObjectPath [0x77707684+180]
">
      <![CDATA[org.openqa.selenium.SessionNotCreatedException: session not created: This version of ChromeDriver only supports Chrome version 89
Current browser version is 91.0.4472.124 with binary path C:\Program Files\Google\Chrome\Application\chrome.exe
Build info: version: '3.141.59', revision: 'e82be7d358', time: '2018-11-14T08:17:03'
System info: host: 'JATINKAPOOR01', ip: '192.168.16.1', os.name: 'Windows 10', os.arch: 'amd64', os.version: '10.0', java.version: '1.8.0_221'
Driver info: driver.version: ChromeDriver
remote stacktrace: Backtrace:
Ordinal0 [0x00C7E7D3+124883]
Ordinal0 [0x00C7E7B1+124849]
GetHandleVerifier [0x00EC8688+193832]
GetHandleVerifier [0x00EE3AC5+305509]
GetHandleVerifier [0x00EE021B+291003]
GetHandleVerifier [0x00EDE0AC+282444]
GetHandleVerifier [0x00F04A90+440624]
GetHandleVerifier [0x00F047FC+439964]
GetHandleVerifier [0x00F0154B+426987]
GetHandleVerifier [0x00EE4FFD+310941]
GetHandleVerifier [0x00EE5D8E+314414]
GetHandleVerifier [0x00EE5D19+314297]
GetHandleVerifier [0x00FA31EC+1089676]
GetHandleVerifier [0x00FA17C9+1082985]
GetHandleVerifier [0x00FA13A3+1081923]
GetHandleVerifier [0x0109D9FD+2115741]
Ordinal0 [0x00DCB82E+1488942]
Ordinal0 [0x00D65A7D+1071741]
Ordinal0 [0x00D6559B+1070491]
Ordinal0 [0x00D654B1+1070257]
Ordinal0 [0x00D9FF53+1310547]
BaseThreadInitThunk [0x7560FA29+25]
RtlGetAppContainerNamedObjectPath [0x777076B4+228]
RtlGetAppContainerNamedObjectPath [0x77707684+180]

at org.openqa.selenium.remote.W3CHandshakeResponse.lambda$errorHandler$0(W3CHandshakeResponse.java:62)
at org.openqa.selenium.remote.HandshakeResponse.lambda$getResponseFunction$0(HandshakeResponse.java:30)
at org.openqa.selenium.remote.ProtocolHandshake.lambda$createSession$0(ProtocolHandshake.java:126)
at java.util.stream.ReferencePipeline$3$1.accept(ReferencePipeline.java:193)
at java.util.Spliterators$ArraySpliterator.tryAdvance(Spliterators.java:958)
at java.util.stream.ReferencePipeline.forEachWithCancel(ReferencePipeline.java:126)
at java.util.stream.AbstractPipeline.copyIntoWithCancel(AbstractPipeline.java:499)
at java.util.stream.AbstractPipeline.copyInto(AbstractPipeline.java:486)
at java.util.stream.AbstractPipeline.wrapAndCopyInto(AbstractPipeline.java:472)
at java.util.stream.FindOps$FindOp.evaluateSequential(FindOps.java:152)
at java.util.stream.AbstractPipeline.evaluate(AbstractPipeline.java:234)
at java.util.stream.ReferencePipeline.findFirst(ReferencePipeline.java:464)
at org.openqa.selenium.remote.ProtocolHandshake.createSession(ProtocolHandshake.java:128)
at org.openqa.selenium.remote.ProtocolHandshake.createSession(ProtocolHandshake.java:74)
at org.openqa.selenium.remote.HttpCommandExecutor.execute(HttpCommandExecutor.java:136)
at org.openqa.selenium.remote.service.DriverCommandExecutor.execute(DriverCommandExecutor.java:83)
at org.openqa.selenium.remote.RemoteWebDriver.execute(RemoteWebDriver.java:552)
at org.openqa.selenium.remote.RemoteWebDriver.startSession(RemoteWebDriver.java:213)
at org.openqa.selenium.remote.RemoteWebDriver.<init>(RemoteWebDriver.java:131)
at org.openqa.selenium.chrome.ChromeDriver.<init>(ChromeDriver.java:181)
at org.openqa.selenium.chrome.ChromeDriver.<init>(ChromeDriver.java:168)
at org.openqa.selenium.chrome.ChromeDriver.<init>(ChromeDriver.java:123)
at tests.BaseTest.intializeWebdriver(BaseTest.java:82)
... Removed 32 stack frames]]>
    </failure>
  </testcase> <!-- @BeforeMethod intializeWebdriver -->
  <testcase name="@BeforeMethod openBrowser" time="0.0" classname="tests.BaseTest">
    <skipped/>
  </testcase> <!-- @BeforeMethod openBrowser -->
  <testcase name="@AfterMethod attachScreenshot" time="0.0" classname="tests.BaseTest">
    <skipped/>
  </testcase> <!-- @AfterMethod attachScreenshot -->
  <testcase name="@AfterMethod closeBrowser" time="0.0" classname="tests.BaseTest">
    <skipped/>
  </testcase> <!-- @AfterMethod closeBrowser -->
  <testcase name="@BeforeMethod intializeWebdriver" time="0.0" classname="tests.BaseTest">
    <skipped/>
  </testcase> <!-- @BeforeMethod intializeWebdriver -->
  <testcase name="@BeforeMethod openBrowser" time="0.0" classname="tests.BaseTest">
    <skipped/>
  </testcase> <!-- @BeforeMethod openBrowser -->
  <testcase name="@AfterMethod attachScreenshot" time="0.0" classname="tests.BaseTest">
    <skipped/>
  </testcase> <!-- @AfterMethod attachScreenshot -->
  <testcase name="@AfterMethod closeBrowser" time="0.0" classname="tests.BaseTest">
    <skipped/>
  </testcase> <!-- @AfterMethod closeBrowser -->
  <testcase name="@BeforeMethod intializeWebdriver" time="0.0" classname="tests.BaseTest">
    <skipped/>
  </testcase> <!-- @BeforeMethod intializeWebdriver -->
  <testcase name="@BeforeMethod openBrowser" time="0.0" classname="tests.BaseTest">
    <skipped/>
  </testcase> <!-- @BeforeMethod openBrowser -->
  <testcase name="@AfterMethod attachScreenshot" time="0.0" classname="tests.BaseTest">
    <skipped/>
  </testcase> <!-- @AfterMethod attachScreenshot -->
  <testcase name="@AfterMethod closeBrowser" time="0.0" classname="tests.BaseTest">
    <skipped/>
  </testcase> <!-- @AfterMethod closeBrowser -->
  <testcase name="@BeforeMethod intializeWebdriver" time="0.0" classname="tests.BaseTest">
    <skipped/>
  </testcase> <!-- @BeforeMethod intializeWebdriver -->
  <testcase name="@BeforeMethod openBrowser" time="0.0" classname="tests.BaseTest">
    <skipped/>
  </testcase> <!-- @BeforeMethod openBrowser -->
  <testcase name="@AfterMethod attachScreenshot" time="0.0" classname="tests.BaseTest">
    <skipped/>
  </testcase> <!-- @AfterMethod attachScreenshot -->
  <testcase name="@AfterMethod closeBrowser" time="0.0" classname="tests.BaseTest">
    <skipped/>
  </testcase> <!-- @AfterMethod closeBrowser -->
  <testcase name="@BeforeMethod intializeWebdriver" time="1.813" classname="tests.BaseTest">
    <failure type="org.openqa.selenium.SessionNotCreatedException" message="session not created: This version of ChromeDriver only supports Chrome version 89
Current browser version is 91.0.4472.124 with binary path C:\Program Files\Google\Chrome\Application\chrome.exe
Build info: version: &amp;apos;3.141.59&amp;apos;, revision: &amp;apos;e82be7d358&amp;apos;, time: &amp;apos;2018-11-14T08:17:03&amp;apos;
System info: host: &amp;apos;JATINKAPOOR01&amp;apos;, ip: &amp;apos;192.168.16.1&amp;apos;, os.name: &amp;apos;Windows 10&amp;apos;, os.arch: &amp;apos;amd64&amp;apos;, os.version: &amp;apos;10.0&amp;apos;, java.version: &amp;apos;1.8.0_221&amp;apos;
Driver info: driver.version: ChromeDriver
remote stacktrace: Backtrace:
	Ordinal0 [0x00C7E7D3+124883]
	Ordinal0 [0x00C7E7B1+124849]
	GetHandleVerifier [0x00EC8688+193832]
	GetHandleVerifier [0x00EE3AC5+305509]
	GetHandleVerifier [0x00EE021B+291003]
	GetHandleVerifier [0x00EDE0AC+282444]
	GetHandleVerifier [0x00F04A90+440624]
	GetHandleVerifier [0x00F047FC+439964]
	GetHandleVerifier [0x00F0154B+426987]
	GetHandleVerifier [0x00EE4FFD+310941]
	GetHandleVerifier [0x00EE5D8E+314414]
	GetHandleVerifier [0x00EE5D19+314297]
	GetHandleVerifier [0x00FA31EC+1089676]
	GetHandleVerifier [0x00FA17C9+1082985]
	GetHandleVerifier [0x00FA13A3+1081923]
	GetHandleVerifier [0x0109D9FD+2115741]
	Ordinal0 [0x00DCB82E+1488942]
	Ordinal0 [0x00D65A7D+1071741]
	Ordinal0 [0x00D6559B+1070491]
	Ordinal0 [0x00D654B1+1070257]
	Ordinal0 [0x00D9FF53+1310547]
	BaseThreadInitThunk [0x7560FA29+25]
	RtlGetAppContainerNamedObjectPath [0x777076B4+228]
	RtlGetAppContainerNamedObjectPath [0x77707684+180]
">
      <![CDATA[org.openqa.selenium.SessionNotCreatedException: session not created: This version of ChromeDriver only supports Chrome version 89
Current browser version is 91.0.4472.124 with binary path C:\Program Files\Google\Chrome\Application\chrome.exe
Build info: version: '3.141.59', revision: 'e82be7d358', time: '2018-11-14T08:17:03'
System info: host: 'JATINKAPOOR01', ip: '192.168.16.1', os.name: 'Windows 10', os.arch: 'amd64', os.version: '10.0', java.version: '1.8.0_221'
Driver info: driver.version: ChromeDriver
remote stacktrace: Backtrace:
Ordinal0 [0x00C7E7D3+124883]
Ordinal0 [0x00C7E7B1+124849]
GetHandleVerifier [0x00EC8688+193832]
GetHandleVerifier [0x00EE3AC5+305509]
GetHandleVerifier [0x00EE021B+291003]
GetHandleVerifier [0x00EDE0AC+282444]
GetHandleVerifier [0x00F04A90+440624]
GetHandleVerifier [0x00F047FC+439964]
GetHandleVerifier [0x00F0154B+426987]
GetHandleVerifier [0x00EE4FFD+310941]
GetHandleVerifier [0x00EE5D8E+314414]
GetHandleVerifier [0x00EE5D19+314297]
GetHandleVerifier [0x00FA31EC+1089676]
GetHandleVerifier [0x00FA17C9+1082985]
GetHandleVerifier [0x00FA13A3+1081923]
GetHandleVerifier [0x0109D9FD+2115741]
Ordinal0 [0x00DCB82E+1488942]
Ordinal0 [0x00D65A7D+1071741]
Ordinal0 [0x00D6559B+1070491]
Ordinal0 [0x00D654B1+1070257]
Ordinal0 [0x00D9FF53+1310547]
BaseThreadInitThunk [0x7560FA29+25]
RtlGetAppContainerNamedObjectPath [0x777076B4+228]
RtlGetAppContainerNamedObjectPath [0x77707684+180]

at org.openqa.selenium.remote.W3CHandshakeResponse.lambda$errorHandler$0(W3CHandshakeResponse.java:62)
at org.openqa.selenium.remote.HandshakeResponse.lambda$getResponseFunction$0(HandshakeResponse.java:30)
at org.openqa.selenium.remote.ProtocolHandshake.lambda$createSession$0(ProtocolHandshake.java:126)
at java.util.stream.ReferencePipeline$3$1.accept(ReferencePipeline.java:193)
at java.util.Spliterators$ArraySpliterator.tryAdvance(Spliterators.java:958)
at java.util.stream.ReferencePipeline.forEachWithCancel(ReferencePipeline.java:126)
at java.util.stream.AbstractPipeline.copyIntoWithCancel(AbstractPipeline.java:499)
at java.util.stream.AbstractPipeline.copyInto(AbstractPipeline.java:486)
at java.util.stream.AbstractPipeline.wrapAndCopyInto(AbstractPipeline.java:472)
at java.util.stream.FindOps$FindOp.evaluateSequential(FindOps.java:152)
at java.util.stream.AbstractPipeline.evaluate(AbstractPipeline.java:234)
at java.util.stream.ReferencePipeline.findFirst(ReferencePipeline.java:464)
at org.openqa.selenium.remote.ProtocolHandshake.createSession(ProtocolHandshake.java:128)
at org.openqa.selenium.remote.ProtocolHandshake.createSession(ProtocolHandshake.java:74)
at org.openqa.selenium.remote.HttpCommandExecutor.execute(HttpCommandExecutor.java:136)
at org.openqa.selenium.remote.service.DriverCommandExecutor.execute(DriverCommandExecutor.java:83)
at org.openqa.selenium.remote.RemoteWebDriver.execute(RemoteWebDriver.java:552)
at org.openqa.selenium.remote.RemoteWebDriver.startSession(RemoteWebDriver.java:213)
at org.openqa.selenium.remote.RemoteWebDriver.<init>(RemoteWebDriver.java:131)
at org.openqa.selenium.chrome.ChromeDriver.<init>(ChromeDriver.java:181)
at org.openqa.selenium.chrome.ChromeDriver.<init>(ChromeDriver.java:168)
at org.openqa.selenium.chrome.ChromeDriver.<init>(ChromeDriver.java:123)
at tests.BaseTest.intializeWebdriver(BaseTest.java:82)
... Removed 32 stack frames]]>
    </failure>
  </testcase> <!-- @BeforeMethod intializeWebdriver -->
  <testcase name="@BeforeMethod openBrowser" time="0.0" classname="tests.BaseTest">
    <skipped/>
  </testcase> <!-- @BeforeMethod openBrowser -->
  <testcase name="@AfterMethod attachScreenshot" time="0.0" classname="tests.BaseTest">
    <skipped/>
  </testcase> <!-- @AfterMethod attachScreenshot -->
  <testcase name="@AfterMethod closeBrowser" time="0.0" classname="tests.BaseTest">
    <skipped/>
  </testcase> <!-- @AfterMethod closeBrowser -->
  <testcase name="@BeforeMethod intializeWebdriver" time="0.0" classname="tests.BaseTest">
    <skipped/>
  </testcase> <!-- @BeforeMethod intializeWebdriver -->
  <testcase name="@BeforeMethod openBrowser" time="0.0" classname="tests.BaseTest">
    <skipped/>
  </testcase> <!-- @BeforeMethod openBrowser -->
  <testcase name="@AfterMethod attachScreenshot" time="0.0" classname="tests.BaseTest">
    <skipped/>
  </testcase> <!-- @AfterMethod attachScreenshot -->
  <testcase name="@AfterMethod closeBrowser" time="0.0" classname="tests.BaseTest">
    <skipped/>
  </testcase> <!-- @AfterMethod closeBrowser -->
  <testcase name="alreadyRegistered" time="0.0" classname="tests.RegistrationTest">
    <skipped/>
  </testcase> <!-- alreadyRegistered -->
  <testcase name="blankEmail" time="0.0" classname="tests.RegistrationTest">
    <skipped/>
  </testcase> <!-- blankEmail -->
  <testcase name="blankRequiredField" time="0.0" classname="tests.RegistrationTest">
    <skipped/>
  </testcase> <!-- blankRequiredField -->
  <testcase name="invalidEmail" time="0.0" classname="tests.RegistrationTest">
    <skipped/>
  </testcase> <!-- invalidEmail -->
  <testcase name="invalidPin" time="0.0" classname="tests.RegistrationTest">
    <skipped/>
  </testcase> <!-- invalidPin -->
  <testcase name="validDetails" time="0.0" classname="tests.RegistrationTest">
    <skipped/>
  </testcase> <!-- validDetails -->
  <testcase name="blankDetails" time="0.0" classname="tests.LoginTest">
    <skipped/>
  </testcase> <!-- blankDetails -->
  <testcase name="invalidPassword" time="0.0" classname="tests.LoginTest">
    <skipped/>
  </testcase> <!-- invalidPassword -->
  <testcase name="invalidUsername" time="0.0" classname="tests.LoginTest">
    <skipped/>
  </testcase> <!-- invalidUsername -->
  <testcase name="validLogin" time="0.0" classname="tests.LoginTest">
    <skipped/>
  </testcase> <!-- validLogin -->
  <testcase name="invalidation" time="0.0" classname="tests.ValidationTest">
    <skipped/>
  </testcase> <!-- invalidation -->
  <testcase name="validate" time="0.0" classname="tests.ValidationTest">
    <skipped/>
  </testcase> <!-- validate -->
  <testcase name="@AfterSuite endReport" time="0.0" classname="tests.BaseTest">
    <ignored/>
  </testcase> <!-- @AfterSuite endReport -->
  <testcase name="@AfterSuite endReport" time="0.0" classname="tests.BaseTest">
    <ignored/>
  </testcase> <!-- @AfterSuite endReport -->
  <testcase name="@BeforeSuite setExtent" time="0.0" classname="tests.BaseTest">
    <ignored/>
  </testcase> <!-- @BeforeSuite setExtent -->
  <testcase name="@BeforeSuite setExtent" time="0.0" classname="tests.BaseTest">
    <ignored/>
  </testcase> <!-- @BeforeSuite setExtent -->
</testsuite> <!-- Test -->
